<?xml version="1.0" encoding="UTF-8"?>
<coverage generated="1659646730099" clover="3.2.0">
  <project timestamp="1659646730100" name="All files">
    <metrics statements="140" coveredstatements="137" conditionals="43" coveredconditionals="39" methods="42" coveredmethods="41" elements="225" coveredelements="217" complexity="0" loc="140" ncloc="140" packages="13" files="19" classes="19"/>
    <package name="react-native-criando-testes-para-sua-aplicacao-main">
      <metrics statements="2" coveredstatements="2" conditionals="4" coveredconditionals="2" methods="1" coveredmethods="1"/>
      <file name="App.js" path="C:\Users\mateu\Desktop\wiser\Projetos Pessoais\react-native-criando-testes-para-sua-aplicacao-main\App.js">
        <metrics statements="2" coveredstatements="2" conditionals="4" coveredconditionals="2" methods="1" coveredmethods="1"/>
        <line num="8" count="1" type="stmt"/>
        <line num="21" count="1" type="stmt"/>
      </file>
    </package>
    <package name="react-native-criando-testes-para-sua-aplicacao-main.src.componentes">
      <metrics statements="5" coveredstatements="5" conditionals="5" coveredconditionals="5" methods="3" coveredmethods="3"/>
      <file name="Cartao.js" path="C:\Users\mateu\Desktop\wiser\Projetos Pessoais\react-native-criando-testes-para-sua-aplicacao-main\src\componentes\Cartao.js">
        <metrics statements="2" coveredstatements="2" conditionals="1" coveredconditionals="1" methods="1" coveredmethods="1"/>
        <line num="6" count="3" type="stmt"/>
        <line num="11" count="7" type="stmt"/>
      </file>
      <file name="Icone.js" path="C:\Users\mateu\Desktop\wiser\Projetos Pessoais\react-native-criando-testes-para-sua-aplicacao-main\src\componentes\Icone.js">
        <metrics statements="3" coveredstatements="3" conditionals="4" coveredconditionals="4" methods="2" coveredmethods="2"/>
        <line num="7" count="3" type="stmt"/>
        <line num="9" count="3" type="stmt"/>
        <line num="14" count="7" type="stmt"/>
      </file>
    </package>
    <package name="react-native-criando-testes-para-sua-aplicacao-main.src.hooks">
      <metrics statements="29" coveredstatements="29" conditionals="6" coveredconditionals="6" methods="7" coveredmethods="7"/>
      <file name="useLeilao.js" path="C:\Users\mateu\Desktop\wiser\Projetos Pessoais\react-native-criando-testes-para-sua-aplicacao-main\src\hooks\useLeilao.js">
        <metrics statements="22" coveredstatements="22" conditionals="6" coveredconditionals="6" methods="4" coveredmethods="4"/>
        <line num="9" count="14" type="stmt"/>
        <line num="11" count="14" type="stmt"/>
        <line num="12" count="8" type="stmt"/>
        <line num="13" count="8" type="stmt"/>
        <line num="14" count="8" type="stmt"/>
        <line num="17" count="14" type="stmt"/>
        <line num="18" count="4" type="stmt"/>
        <line num="19" count="4" type="cond" truecount="2" falsecount="0"/>
        <line num="20" count="1" type="stmt"/>
        <line num="23" count="3" type="stmt"/>
        <line num="24" count="3" type="stmt"/>
        <line num="25" count="3" type="cond" truecount="2" falsecount="0"/>
        <line num="26" count="1" type="stmt"/>
        <line num="29" count="2" type="stmt"/>
        <line num="34" count="2" type="stmt"/>
        <line num="35" count="2" type="cond" truecount="2" falsecount="0"/>
        <line num="36" count="1" type="stmt"/>
        <line num="37" count="1" type="stmt"/>
        <line num="40" count="1" type="stmt"/>
        <line num="43" count="14" type="stmt"/>
        <line num="44" count="6" type="stmt"/>
        <line num="47" count="14" type="stmt"/>
      </file>
      <file name="useListaLeiloes.js" path="C:\Users\mateu\Desktop\wiser\Projetos Pessoais\react-native-criando-testes-para-sua-aplicacao-main\src\hooks\useListaLeiloes.js">
        <metrics statements="7" coveredstatements="7" conditionals="0" coveredconditionals="0" methods="3" coveredmethods="3"/>
        <line num="5" count="3" type="stmt"/>
        <line num="7" count="3" type="stmt"/>
        <line num="8" count="2" type="stmt"/>
        <line num="9" count="2" type="stmt"/>
        <line num="12" count="3" type="stmt"/>
        <line num="13" count="1" type="stmt"/>
        <line num="16" count="3" type="stmt"/>
      </file>
    </package>
    <package name="react-native-criando-testes-para-sua-aplicacao-main.src.negocio.constantes">
      <metrics statements="6" coveredstatements="6" conditionals="0" coveredconditionals="0" methods="0" coveredmethods="0"/>
      <file name="estadosLance.js" path="C:\Users\mateu\Desktop\wiser\Projetos Pessoais\react-native-criando-testes-para-sua-aplicacao-main\src\negocio\constantes\estadosLance.js">
        <metrics statements="6" coveredstatements="6" conditionals="0" coveredconditionals="0" methods="0" coveredmethods="0"/>
        <line num="1" count="6" type="stmt"/>
        <line num="2" count="6" type="stmt"/>
        <line num="3" count="6" type="stmt"/>
        <line num="4" count="6" type="stmt"/>
        <line num="5" count="6" type="stmt"/>
        <line num="6" count="6" type="stmt"/>
      </file>
    </package>
    <package name="react-native-criando-testes-para-sua-aplicacao-main.src.negocio.formatadores">
      <metrics statements="6" coveredstatements="6" conditionals="2" coveredconditionals="2" methods="4" coveredmethods="4"/>
      <file name="lance.js" path="C:\Users\mateu\Desktop\wiser\Projetos Pessoais\react-native-criando-testes-para-sua-aplicacao-main\src\negocio\formatadores\lance.js">
        <metrics statements="3" coveredstatements="3" conditionals="2" coveredconditionals="2" methods="2" coveredmethods="2"/>
        <line num="2" count="3" type="stmt"/>
        <line num="3" count="4" type="cond" truecount="2" falsecount="0"/>
        <line num="6" count="3" type="stmt"/>
      </file>
      <file name="moeda.js" path="C:\Users\mateu\Desktop\wiser\Projetos Pessoais\react-native-criando-testes-para-sua-aplicacao-main\src\negocio\formatadores\moeda.js">
        <metrics statements="3" coveredstatements="3" conditionals="0" coveredconditionals="0" methods="2" coveredmethods="2"/>
        <line num="2" count="1" type="stmt"/>
        <line num="9" count="4" type="stmt"/>
        <line num="10" count="4" type="stmt"/>
      </file>
    </package>
    <package name="react-native-criando-testes-para-sua-aplicacao-main.src.negocio.validadores">
      <metrics statements="17" coveredstatements="17" conditionals="10" coveredconditionals="10" methods="5" coveredmethods="5"/>
      <file name="lance.js" path="C:\Users\mateu\Desktop\wiser\Projetos Pessoais\react-native-criando-testes-para-sua-aplicacao-main\src\negocio\validadores\lance.js">
        <metrics statements="17" coveredstatements="17" conditionals="10" coveredconditionals="10" methods="5" coveredmethods="5"/>
        <line num="9" count="8" type="cond" truecount="2" falsecount="0"/>
        <line num="10" count="5" type="stmt"/>
        <line num="13" count="3" type="stmt"/>
        <line num="17" count="9" type="stmt"/>
        <line num="18" count="9" type="stmt"/>
        <line num="20" count="9" type="cond" truecount="2" falsecount="0"/>
        <line num="21" count="3" type="stmt"/>
        <line num="24" count="6" type="cond" truecount="2" falsecount="0"/>
        <line num="25" count="1" type="stmt"/>
        <line num="28" count="5" type="stmt"/>
        <line num="32" count="9" type="cond" truecount="2" falsecount="0"/>
        <line num="33" count="8" type="stmt"/>
        <line num="36" count="1" type="stmt"/>
        <line num="40" count="9" type="stmt"/>
        <line num="41" count="9" type="cond" truecount="2" falsecount="0"/>
        <line num="42" count="6" type="stmt"/>
        <line num="45" count="3" type="stmt"/>
      </file>
    </package>
    <package name="react-native-criando-testes-para-sua-aplicacao-main.src.repositorio">
      <metrics statements="16" coveredstatements="16" conditionals="0" coveredconditionals="0" methods="4" coveredmethods="4"/>
      <file name="lance.js" path="C:\Users\mateu\Desktop\wiser\Projetos Pessoais\react-native-criando-testes-para-sua-aplicacao-main\src\repositorio\lance.js">
        <metrics statements="8" coveredstatements="8" conditionals="0" coveredconditionals="0" methods="2" coveredmethods="2"/>
        <line num="4" count="2" type="stmt"/>
        <line num="5" count="2" type="stmt"/>
        <line num="6" count="1" type="stmt"/>
        <line num="8" count="1" type="stmt"/>
        <line num="13" count="2" type="stmt"/>
        <line num="14" count="2" type="stmt"/>
        <line num="15" count="1" type="stmt"/>
        <line num="17" count="1" type="stmt"/>
      </file>
      <file name="leilao.js" path="C:\Users\mateu\Desktop\wiser\Projetos Pessoais\react-native-criando-testes-para-sua-aplicacao-main\src\repositorio\leilao.js">
        <metrics statements="8" coveredstatements="8" conditionals="0" coveredconditionals="0" methods="2" coveredmethods="2"/>
        <line num="4" count="2" type="stmt"/>
        <line num="5" count="2" type="stmt"/>
        <line num="6" count="1" type="stmt"/>
        <line num="8" count="1" type="stmt"/>
        <line num="13" count="2" type="stmt"/>
        <line num="14" count="2" type="stmt"/>
        <line num="15" count="1" type="stmt"/>
        <line num="17" count="1" type="stmt"/>
      </file>
    </package>
    <package name="react-native-criando-testes-para-sua-aplicacao-main.src.rotas">
      <metrics statements="2" coveredstatements="2" conditionals="0" coveredconditionals="0" methods="1" coveredmethods="1"/>
      <file name="AppRotas.js" path="C:\Users\mateu\Desktop\wiser\Projetos Pessoais\react-native-criando-testes-para-sua-aplicacao-main\src\rotas\AppRotas.js">
        <metrics statements="2" coveredstatements="2" conditionals="0" coveredconditionals="0" methods="1" coveredmethods="1"/>
        <line num="8" count="2" type="stmt"/>
        <line num="11" count="1" type="stmt"/>
      </file>
    </package>
    <package name="react-native-criando-testes-para-sua-aplicacao-main.src.servicos">
      <metrics statements="1" coveredstatements="1" conditionals="0" coveredconditionals="0" methods="0" coveredmethods="0"/>
      <file name="apiLeiloes.js" path="C:\Users\mateu\Desktop\wiser\Projetos Pessoais\react-native-criando-testes-para-sua-aplicacao-main\src\servicos\apiLeiloes.js">
        <metrics statements="1" coveredstatements="1" conditionals="0" coveredconditionals="0" methods="0" coveredmethods="0"/>
        <line num="4" count="8" type="stmt"/>
      </file>
    </package>
    <package name="react-native-criando-testes-para-sua-aplicacao-main.src.telas.Leilao">
      <metrics statements="20" coveredstatements="20" conditionals="4" coveredconditionals="3" methods="6" coveredmethods="6"/>
      <file name="index.js" path="C:\Users\mateu\Desktop\wiser\Projetos Pessoais\react-native-criando-testes-para-sua-aplicacao-main\src\telas\Leilao\index.js">
        <metrics statements="20" coveredstatements="20" conditionals="4" coveredconditionals="3" methods="6" coveredmethods="6"/>
        <line num="11" count="6" type="stmt"/>
        <line num="12" count="6" type="stmt"/>
        <line num="14" count="6" type="stmt"/>
        <line num="15" count="6" type="stmt"/>
        <line num="17" count="6" type="stmt"/>
        <line num="18" count="1" type="stmt"/>
        <line num="19" count="1" type="cond" truecount="1" falsecount="1"/>
        <line num="20" count="1" type="stmt"/>
        <line num="22" count="1" type="stmt"/>
        <line num="25" count="6" type="stmt"/>
        <line num="26" count="1" type="stmt"/>
        <line num="27" count="1" type="stmt"/>
        <line num="28" count="1" type="stmt"/>
        <line num="31" count="6" type="cond" truecount="2" falsecount="0"/>
        <line num="32" count="1" type="stmt"/>
        <line num="35" count="5" type="stmt"/>
        <line num="38" count="10" type="stmt"/>
        <line num="39" count="10" type="stmt"/>
        <line num="40" count="5" type="stmt"/>
        <line num="49" count="3" type="stmt"/>
      </file>
    </package>
    <package name="react-native-criando-testes-para-sua-aplicacao-main.src.telas.Leilao.componentes">
      <metrics statements="22" coveredstatements="22" conditionals="12" coveredconditionals="11" methods="5" coveredmethods="5"/>
      <file name="EnviaLance.js" path="C:\Users\mateu\Desktop\wiser\Projetos Pessoais\react-native-criando-testes-para-sua-aplicacao-main\src\telas\Leilao\componentes\EnviaLance.js">
        <metrics statements="17" coveredstatements="17" conditionals="12" coveredconditionals="11" methods="3" coveredmethods="3"/>
        <line num="8" count="11" type="stmt"/>
        <line num="9" count="11" type="stmt"/>
        <line num="10" count="11" type="stmt"/>
        <line num="11" count="11" type="stmt"/>
        <line num="13" count="11" type="stmt"/>
        <line num="15" count="11" type="stmt"/>
        <line num="16" count="2" type="stmt"/>
        <line num="17" count="2" type="stmt"/>
        <line num="18" count="2" type="stmt"/>
        <line num="20" count="2" type="stmt"/>
        <line num="22" count="2" type="cond" truecount="2" falsecount="0"/>
        <line num="23" count="1" type="stmt"/>
        <line num="24" count="1" type="stmt"/>
        <line num="26" count="1" type="stmt"/>
        <line num="29" count="2" type="stmt"/>
        <line num="32" count="11" type="cond" truecount="1" falsecount="1"/>
        <line num="53" count="11" type="stmt"/>
      </file>
      <file name="Lance.js" path="C:\Users\mateu\Desktop\wiser\Projetos Pessoais\react-native-criando-testes-para-sua-aplicacao-main\src\telas\Leilao\componentes\Lance.js">
        <metrics statements="2" coveredstatements="2" conditionals="0" coveredconditionals="0" methods="1" coveredmethods="1"/>
        <line num="10" count="1" type="stmt"/>
        <line num="20" count="4" type="stmt"/>
      </file>
      <file name="Topo.js" path="C:\Users\mateu\Desktop\wiser\Projetos Pessoais\react-native-criando-testes-para-sua-aplicacao-main\src\telas\Leilao\componentes\Topo.js">
        <metrics statements="3" coveredstatements="3" conditionals="0" coveredconditionals="0" methods="1" coveredmethods="1"/>
        <line num="10" count="1" type="stmt"/>
        <line num="12" count="1" type="stmt"/>
        <line num="32" count="4" type="stmt"/>
      </file>
    </package>
    <package name="react-native-criando-testes-para-sua-aplicacao-main.src.telas.ListaLeiloes">
      <metrics statements="10" coveredstatements="7" conditionals="0" coveredconditionals="0" methods="4" coveredmethods="3"/>
      <file name="index.js" path="C:\Users\mateu\Desktop\wiser\Projetos Pessoais\react-native-criando-testes-para-sua-aplicacao-main\src\telas\ListaLeiloes\index.js">
        <metrics statements="10" coveredstatements="7" conditionals="0" coveredconditionals="0" methods="4" coveredmethods="3"/>
        <line num="8" count="2" type="stmt"/>
        <line num="9" count="2" type="stmt"/>
        <line num="11" count="2" type="stmt"/>
        <line num="12" count="0" type="stmt"/>
        <line num="13" count="0" type="stmt"/>
        <line num="14" count="0" type="stmt"/>
        <line num="17" count="2" type="stmt"/>
        <line num="20" count="4" type="stmt"/>
        <line num="21" count="4" type="stmt"/>
        <line num="29" count="3" type="stmt"/>
      </file>
    </package>
    <package name="react-native-criando-testes-para-sua-aplicacao-main.src.telas.ListaLeiloes.componentes">
      <metrics statements="4" coveredstatements="4" conditionals="0" coveredconditionals="0" methods="2" coveredmethods="2"/>
      <file name="Leilao.js" path="C:\Users\mateu\Desktop\wiser\Projetos Pessoais\react-native-criando-testes-para-sua-aplicacao-main\src\telas\ListaLeiloes\componentes\Leilao.js">
        <metrics statements="4" coveredstatements="4" conditionals="0" coveredconditionals="0" methods="2" coveredmethods="2"/>
        <line num="11" count="2" type="stmt"/>
        <line num="13" count="2" type="stmt"/>
        <line num="15" count="1" type="stmt"/>
        <line num="31" count="4" type="stmt"/>
      </file>
    </package>
  </project>
</coverage>
